<?xml version="1.0" encoding="UTF-8"?>
<!-- Generated by org.testng.reporters.JUnitReportReporter -->
<testsuite skipped="0" hostname="My-PC" name="FrameworkTestNG.FWTestNG" tests="1" failures="0" timestamp="17 Apr 2021 18:05:15 GMT" time="14.325" errors="0">
  <testcase name="tc2" time="14.325" classname="FrameworkTestNG.FWTestNG"/>
</testsuite> <!-- FrameworkTestNG.FWTestNG -->
