<?xml version="1.0" encoding="UTF-8"?>
<!-- Generated by org.testng.reporters.JUnitReportReporter -->
<testsuite skipped="0" hostname="My-PC" name="FrameworkTestNG.FWTestNGFK" tests="3" failures="0" timestamp="17 Apr 2021 04:07:24 GMT" time="53.491" errors="0">
  <testcase name="tc2" time="21.212" classname="FrameworkTestNG.FWTestNGFK"/>
  <testcase name="tc3" time="20.374" classname="FrameworkTestNG.FWTestNGFK"/>
  <testcase name="tc1" time="11.905" classname="FrameworkTestNG.FWTestNGFK"/>
</testsuite> <!-- FrameworkTestNG.FWTestNGFK -->
